{
  "stats": {
    "suites": 1,
    "tests": 6,
    "passes": 6,
    "pending": 0,
    "failures": 0,
    "start": "2024-05-06T18:40:43.472Z",
    "end": "2024-05-06T18:40:50.903Z",
    "duration": 7431,
    "testsRegistered": 6,
    "passPercent": 100,
    "pendingPercent": 0,
    "other": 0,
    "hasOther": false,
    "skipped": 0,
    "hasSkipped": false
  },
  "results": [
    {
      "uuid": "e24cab51-1203-41ff-9a1b-cc65823e0661",
      "title": "",
      "fullFile": "cypress\\e2e\\Aula4\\Aula4.cy.js",
      "file": "cypress\\e2e\\Aula4\\Aula4.cy.js",
      "beforeHooks": [],
      "afterHooks": [],
      "tests": [],
      "suites": [
        {
          "uuid": "ca3b5fc7-c26f-446b-a266-fbf84a239747",
          "title": "Testes De uso de site para compra de cafe",
          "fullFile": "",
          "file": "",
          "beforeHooks": [],
          "afterHooks": [],
          "tests": [
            {
              "title": "Teste acesso ao site e adicionar item ao carrinho sucesso",
              "fullTitle": "Testes De uso de site para compra de cafe Teste acesso ao site e adicionar item ao carrinho sucesso",
              "timedOut": null,
              "duration": 818,
              "state": "passed",
              "speed": "fast",
              "pass": true,
              "fail": false,
              "pending": false,
              "context": null,
              "code": "AcessarSite();\nAdicionarItem(0);\ncy.get(':nth-child(2) > a').click();\ncy.get(':nth-child(2) > a').should(\"exist\");",
              "err": {},
              "uuid": "88a5948b-de7c-48a9-aec4-933eb50aebb6",
              "parentUUID": "ca3b5fc7-c26f-446b-a266-fbf84a239747",
              "isHook": false,
              "skipped": false
            },
            {
              "title": "Adicionar multiplos itens no carrinho sucesso",
              "fullTitle": "Testes De uso de site para compra de cafe Adicionar multiplos itens no carrinho sucesso",
              "timedOut": null,
              "duration": 555,
              "state": "passed",
              "speed": "fast",
              "pass": true,
              "fail": false,
              "pending": false,
              "context": null,
              "code": "AcessarSite();\nAdicionarItem(5);",
              "err": {},
              "uuid": "2308be4a-bf63-4761-9b1a-36bdc5154b75",
              "parentUUID": "ca3b5fc7-c26f-446b-a266-fbf84a239747",
              "isHook": false,
              "skipped": false
            },
            {
              "title": "tentar Checkout sucesso",
              "fullTitle": "Testes De uso de site para compra de cafe tentar Checkout sucesso",
              "timedOut": null,
              "duration": 1412,
              "state": "passed",
              "speed": "fast",
              "pass": true,
              "fail": false,
              "pending": false,
              "context": null,
              "code": "AcessarSite();\nAdicionarItem(5);\ncy.get('[data-test=\"checkout\"]').click();\ncy.get('#name').type(\"TesteUser\");\ncy.get('#email').type(\"TestEmail@gmail.com\");\ncy.get('#submit-payment').click();\ncy.get('[data-test=\"checkout\"]').should(\"contain.text\", \"Total: $0.00\");",
              "err": {},
              "uuid": "e006d07c-69b9-4cbf-9587-9da13c20a8eb",
              "parentUUID": "ca3b5fc7-c26f-446b-a266-fbf84a239747",
              "isHook": false,
              "skipped": false
            },
            {
              "title": "tentar Checkout falha",
              "fullTitle": "Testes De uso de site para compra de cafe tentar Checkout falha",
              "timedOut": null,
              "duration": 1211,
              "state": "passed",
              "speed": "fast",
              "pass": true,
              "fail": false,
              "pending": false,
              "context": null,
              "code": "AcessarSite();\nAdicionarItem(5);\ncy.get('[data-test=\"checkout\"]').click();\ncy.get('#name').type(\"TesteUser\");\ncy.get('#email').type(\"TestEmail\");\ncy.get('#submit-payment').click();\ncy.get('[data-test=\"checkout\"]').should(\"not.contain.text\", \"Total: $0.00\");\ncy.get('.modal-content').should(\"exist\");",
              "err": {},
              "uuid": "3762f102-124c-4890-bfb1-e486286dfaff",
              "parentUUID": "ca3b5fc7-c26f-446b-a266-fbf84a239747",
              "isHook": false,
              "skipped": false
            },
            {
              "title": "Remover itens do carrinho sucesso",
              "fullTitle": "Testes De uso de site para compra de cafe Remover itens do carrinho sucesso",
              "timedOut": null,
              "duration": 610,
              "state": "passed",
              "speed": "fast",
              "pass": true,
              "fail": false,
              "pending": false,
              "context": null,
              "code": "AcessarSite();\nAdicionarItem(5);\ncy.get(':nth-child(2) > a').click();\ncy.get(':nth-child(2) > :nth-child(4) > .delete');",
              "err": {},
              "uuid": "d15677b4-d220-401a-92f1-8e9f033a9d23",
              "parentUUID": "ca3b5fc7-c26f-446b-a266-fbf84a239747",
              "isHook": false,
              "skipped": false
            },
            {
              "title": "Checkout Via Carrinho sucesso",
              "fullTitle": "Testes De uso de site para compra de cafe Checkout Via Carrinho sucesso",
              "timedOut": null,
              "duration": 1304,
              "state": "passed",
              "speed": "fast",
              "pass": true,
              "fail": false,
              "pending": false,
              "context": null,
              "code": "AcessarSite();\nAdicionarItem(5);\ncy.get(':nth-child(2) > a').click();\ncy.get('[data-test=\"checkout\"]').click();\ncy.get('#name').type(\"TesteUser\");\ncy.get('#email').type(\"TestEmail@gmail.com\");\ncy.get('#submit-payment').click();\ncy.get('[data-test=\"checkout\"]').should(\"contain.text\", \"Total: $0.00\");",
              "err": {},
              "uuid": "e70ada93-b0f6-4b24-9db3-d643c4a6339f",
              "parentUUID": "ca3b5fc7-c26f-446b-a266-fbf84a239747",
              "isHook": false,
              "skipped": false
            }
          ],
          "suites": [],
          "passes": [
            "88a5948b-de7c-48a9-aec4-933eb50aebb6",
            "2308be4a-bf63-4761-9b1a-36bdc5154b75",
            "e006d07c-69b9-4cbf-9587-9da13c20a8eb",
            "3762f102-124c-4890-bfb1-e486286dfaff",
            "d15677b4-d220-401a-92f1-8e9f033a9d23",
            "e70ada93-b0f6-4b24-9db3-d643c4a6339f"
          ],
          "failures": [],
          "pending": [],
          "skipped": [],
          "duration": 5910,
          "root": false,
          "rootEmpty": false,
          "_timeout": 2000
        }
      ],
      "passes": [],
      "failures": [],
      "pending": [],
      "skipped": [],
      "duration": 0,
      "root": true,
      "rootEmpty": true,
      "_timeout": 2000
    }
  ],
  "meta": {
    "mocha": {
      "version": "7.0.1"
    },
    "mochawesome": {
      "options": {
        "quiet": false,
        "reportFilename": "mochawesome",
        "saveHtml": true,
        "saveJson": true,
        "consoleReporter": "spec",
        "useInlineDiffs": false,
        "code": true
      },
      "version": "7.1.3"
    },
    "marge": {
      "options": null,
      "version": "6.2.0"
    }
  }
}